# Logfile created on 2013-12-30 18:05:25 -0500 by logger.rb/36483
I, [2013-12-30T18:05:25.197617 #4560]  INFO -- : 0:  rake (10.1.0) from /Users/Sterling/.rvm/gems/ruby-2.0.0-p247/specifications/rake-10.1.0.gemspec
I, [2013-12-30T18:05:25.198045 #4560]  INFO -- : 0:  i18n (0.6.4) from /Users/Sterling/.rvm/gems/ruby-2.0.0-p247/specifications/i18n-0.6.4.gemspec
I, [2013-12-30T18:05:25.198390 #4560]  INFO -- : 0:  minitest (4.7.5) from /Users/Sterling/.rvm/gems/ruby-2.0.0-p247/specifications/minitest-4.7.5.gemspec
I, [2013-12-30T18:05:25.198700 #4560]  INFO -- : 0:  multi_json (1.7.7) from /Users/Sterling/.rvm/gems/ruby-2.0.0-p247/specifications/multi_json-1.7.7.gemspec
I, [2013-12-30T18:05:25.199004 #4560]  INFO -- : 0:  atomic (1.1.10) from /Users/Sterling/.rvm/gems/ruby-2.0.0-p247/specifications/atomic-1.1.10.gemspec
I, [2013-12-30T18:05:25.199305 #4560]  INFO -- : 0:  thread_safe (0.1.0) from /Users/Sterling/.rvm/gems/ruby-2.0.0-p247/specifications/thread_safe-0.1.0.gemspec
I, [2013-12-30T18:05:25.199607 #4560]  INFO -- : 0:  tzinfo (0.3.37) from /Users/Sterling/.rvm/gems/ruby-2.0.0-p247/specifications/tzinfo-0.3.37.gemspec
I, [2013-12-30T18:05:25.199909 #4560]  INFO -- : 0:  activesupport (4.0.0) from /Users/Sterling/.rvm/gems/ruby-2.0.0-p247/specifications/activesupport-4.0.0.gemspec
I, [2013-12-30T18:05:25.200208 #4560]  INFO -- : 0:  builder (3.1.4) from /Users/Sterling/.rvm/gems/ruby-2.0.0-p247/specifications/builder-3.1.4.gemspec
I, [2013-12-30T18:05:25.200505 #4560]  INFO -- : 0:  activemodel (4.0.0) from /Users/Sterling/.rvm/gems/ruby-2.0.0-p247/specifications/activemodel-4.0.0.gemspec
I, [2013-12-30T18:05:25.200799 #4560]  INFO -- : 0:  activerecord-deprecated_finders (1.0.3) from /Users/Sterling/.rvm/gems/ruby-2.0.0-p247/specifications/activerecord-deprecated_finders-1.0.3.gemspec
I, [2013-12-30T18:05:25.201090 #4560]  INFO -- : 0:  arel (4.0.0) from /Users/Sterling/.rvm/gems/ruby-2.0.0-p247/specifications/arel-4.0.0.gemspec
I, [2013-12-30T18:05:25.201380 #4560]  INFO -- : 0:  activerecord (4.0.0) from /Users/Sterling/.rvm/gems/ruby-2.0.0-p247/specifications/activerecord-4.0.0.gemspec
I, [2013-12-30T18:05:25.201665 #4560]  INFO -- : 0:  bond (0.4.3) from /Users/Sterling/.rvm/gems/ruby-2.0.0-p247/specifications/bond-0.4.3.gemspec
I, [2013-12-30T18:05:25.201945 #4560]  INFO -- : 0:  rack (1.5.2) from /Users/Sterling/.rvm/gems/ruby-2.0.0-p247/specifications/rack-1.5.2.gemspec
I, [2013-12-30T18:05:25.202229 #4560]  INFO -- : 0:  rack-protection (1.5.0) from /Users/Sterling/.rvm/gems/ruby-2.0.0-p247/specifications/rack-protection-1.5.0.gemspec
I, [2013-12-30T18:05:25.202499 #4560]  INFO -- : 0:  rack-test (0.6.2) from /Users/Sterling/.rvm/gems/ruby-2.0.0-p247/specifications/rack-test-0.6.2.gemspec
I, [2013-12-30T18:05:25.202764 #4560]  INFO -- : 0:  rainbow (1.1.4) from /Users/Sterling/.rvm/gems/ruby-2.0.0-p247/specifications/rainbow-1.1.4.gemspec
I, [2013-12-30T18:05:25.203026 #4560]  INFO -- : 0:  ripl (0.7.0) from /Users/Sterling/.rvm/gems/ruby-2.0.0-p247/specifications/ripl-0.7.0.gemspec
I, [2013-12-30T18:05:25.203293 #4560]  INFO -- : 0:  ripl-multi_line (0.3.1) from /Users/Sterling/.rvm/gems/ruby-2.0.0-p247/specifications/ripl-multi_line-0.3.1.gemspec
I, [2013-12-30T18:05:25.203555 #4560]  INFO -- : 0:  ripl-rack (0.2.0) from /Users/Sterling/.rvm/gems/ruby-2.0.0-p247/specifications/ripl-rack-0.2.0.gemspec
I, [2013-12-30T18:05:25.203814 #4560]  INFO -- : 0:  shotgun (0.9) from /Users/Sterling/.rvm/gems/ruby-2.0.0-p247/specifications/shotgun-0.9.gemspec
I, [2013-12-30T18:05:25.204079 #4560]  INFO -- : 0:  tilt (1.4.1) from /Users/Sterling/.rvm/gems/ruby-2.0.0-p247/specifications/tilt-1.4.1.gemspec
I, [2013-12-30T18:05:25.204348 #4560]  INFO -- : 0:  sinatra (1.4.3) from /Users/Sterling/.rvm/gems/ruby-2.0.0-p247/specifications/sinatra-1.4.3.gemspec
I, [2013-12-30T18:05:25.204607 #4560]  INFO -- : 0:  sinatra-activerecord (1.2.3) from /Users/Sterling/.rvm/gems/ruby-2.0.0-p247/specifications/sinatra-activerecord-1.2.3.gemspec
I, [2013-12-30T18:05:25.204876 #4560]  INFO -- : 0:  sqlite3 (1.3.7) from /Users/Sterling/.rvm/gems/ruby-2.0.0-p247/specifications/sqlite3-1.3.7.gemspec
I, [2013-12-30T18:05:25.205179 #4560]  INFO -- : 0:  tux (0.3.0) from /Users/Sterling/.rvm/gems/ruby-2.0.0-p247/specifications/tux-0.3.0.gemspec
I, [2013-12-30T18:05:25.205432 #4560]  INFO -- : 0:  bundler (1.5.1) from /Users/Sterling/.rvm/gems/ruby-2.0.0-p247/specifications/bundler-1.5.1.gemspec
