# Logfile created on 2014-01-05 14:50:59 -0500 by logger.rb/41954
I, [2014-01-05T14:50:59.205075 #28790]  INFO -- : 0:  bond (0.4.3) from /Users/Sterling/.rvm/gems/ruby-2.0.0-p353/specifications/bond-0.4.3.gemspec
I, [2014-01-05T14:51:01.197589 #28790]  INFO -- : 0:  rack (1.5.2) from /Users/Sterling/.rvm/gems/ruby-2.0.0-p353/specifications/rack-1.5.2.gemspec
I, [2014-01-05T14:51:02.194701 #28790]  INFO -- : 0:  rack-protection (1.5.1) from /Users/Sterling/.rvm/gems/ruby-2.0.0-p353/specifications/rack-protection-1.5.1.gemspec
I, [2014-01-05T14:51:02.795031 #28790]  INFO -- : 0:  rack-test (0.6.2) from /Users/Sterling/.rvm/gems/ruby-2.0.0-p353/specifications/rack-test-0.6.2.gemspec
I, [2014-01-05T14:51:03.714208 #28790]  INFO -- : 0:  rainbow (1.99.1) from /Users/Sterling/.rvm/gems/ruby-2.0.0-p353/specifications/rainbow-1.99.1.gemspec
I, [2014-01-05T14:51:04.332982 #28790]  INFO -- : 0:  ripl (0.7.0) from /Users/Sterling/.rvm/gems/ruby-2.0.0-p353/specifications/ripl-0.7.0.gemspec
I, [2014-01-05T14:51:05.221347 #28790]  INFO -- : 0:  ripl-multi_line (0.3.1) from /Users/Sterling/.rvm/gems/ruby-2.0.0-p353/specifications/ripl-multi_line-0.3.1.gemspec
I, [2014-01-05T14:51:05.773877 #28790]  INFO -- : 0:  ripl-rack (0.2.0) from /Users/Sterling/.rvm/gems/ruby-2.0.0-p353/specifications/ripl-rack-0.2.0.gemspec
I, [2014-01-05T14:51:06.317634 #28790]  INFO -- : 0:  shotgun (0.9) from /Users/Sterling/.rvm/gems/ruby-2.0.0-p353/specifications/shotgun-0.9.gemspec
I, [2014-01-05T14:51:07.320961 #28790]  INFO -- : 0:  tilt (1.4.1) from /Users/Sterling/.rvm/gems/ruby-2.0.0-p353/specifications/tilt-1.4.1.gemspec
I, [2014-01-05T14:51:09.687917 #28790]  INFO -- : 0:  sinatra (1.4.4) from /Users/Sterling/.rvm/gems/ruby-2.0.0-p353/specifications/sinatra-1.4.4.gemspec
I, [2014-01-05T14:51:10.153707 #28790]  INFO -- : 0:  tux (0.3.0) from /Users/Sterling/.rvm/gems/ruby-2.0.0-p353/specifications/tux-0.3.0.gemspec
I, [2014-01-05T14:51:10.154085 #28790]  INFO -- : 0:  bundler (1.5.1) from /Users/Sterling/.rvm/gems/ruby-2.0.0-p353@global/specifications/bundler-1.5.1.gemspec
I, [2014-01-05T15:34:09.769199 #29029]  INFO -- : 0:  bond (0.4.3) from /Users/Sterling/.rvm/gems/ruby-2.0.0-p353/specifications/bond-0.4.3.gemspec
I, [2014-01-05T15:34:09.777458 #29029]  INFO -- : 0:  rack (1.5.2) from /Users/Sterling/.rvm/gems/ruby-2.0.0-p353/specifications/rack-1.5.2.gemspec
I, [2014-01-05T15:34:09.778002 #29029]  INFO -- : 0:  rack-protection (1.5.1) from /Users/Sterling/.rvm/gems/ruby-2.0.0-p353/specifications/rack-protection-1.5.1.gemspec
I, [2014-01-05T15:34:09.778372 #29029]  INFO -- : 0:  rack-test (0.6.2) from /Users/Sterling/.rvm/gems/ruby-2.0.0-p353/specifications/rack-test-0.6.2.gemspec
I, [2014-01-05T15:34:09.778704 #29029]  INFO -- : 0:  rainbow (1.99.1) from /Users/Sterling/.rvm/gems/ruby-2.0.0-p353/specifications/rainbow-1.99.1.gemspec
I, [2014-01-05T15:34:09.779020 #29029]  INFO -- : 0:  ripl (0.7.0) from /Users/Sterling/.rvm/gems/ruby-2.0.0-p353/specifications/ripl-0.7.0.gemspec
I, [2014-01-05T15:34:09.779337 #29029]  INFO -- : 0:  ripl-multi_line (0.3.1) from /Users/Sterling/.rvm/gems/ruby-2.0.0-p353/specifications/ripl-multi_line-0.3.1.gemspec
I, [2014-01-05T15:34:09.779653 #29029]  INFO -- : 0:  ripl-rack (0.2.0) from /Users/Sterling/.rvm/gems/ruby-2.0.0-p353/specifications/ripl-rack-0.2.0.gemspec
I, [2014-01-05T15:34:09.779967 #29029]  INFO -- : 0:  shotgun (0.9) from /Users/Sterling/.rvm/gems/ruby-2.0.0-p353/specifications/shotgun-0.9.gemspec
I, [2014-01-05T15:34:09.780281 #29029]  INFO -- : 0:  tilt (1.4.1) from /Users/Sterling/.rvm/gems/ruby-2.0.0-p353/specifications/tilt-1.4.1.gemspec
I, [2014-01-05T15:34:09.780599 #29029]  INFO -- : 0:  sinatra (1.4.4) from /Users/Sterling/.rvm/gems/ruby-2.0.0-p353/specifications/sinatra-1.4.4.gemspec
I, [2014-01-05T15:34:09.780910 #29029]  INFO -- : 0:  tux (0.3.0) from /Users/Sterling/.rvm/gems/ruby-2.0.0-p353/specifications/tux-0.3.0.gemspec
I, [2014-01-05T15:34:09.781216 #29029]  INFO -- : 0:  bundler (1.5.1) from /Users/Sterling/.rvm/gems/ruby-2.0.0-p353@global/specifications/bundler-1.5.1.gemspec
I, [2014-01-05T15:40:37.414448 #29054]  INFO -- : 0:  bond (0.4.3) from /Users/Sterling/.rvm/gems/ruby-2.0.0-p353/specifications/bond-0.4.3.gemspec
I, [2014-01-05T15:40:37.415074 #29054]  INFO -- : 0:  tilt (1.4.1) from /Users/Sterling/.rvm/gems/ruby-2.0.0-p353/specifications/tilt-1.4.1.gemspec
I, [2014-01-05T15:40:38.790199 #29054]  INFO -- : 0:  haml (4.0.4) from /Users/Sterling/.rvm/gems/ruby-2.0.0-p353/specifications/haml-4.0.4.gemspec
I, [2014-01-05T15:40:38.790649 #29054]  INFO -- : 0:  rack (1.5.2) from /Users/Sterling/.rvm/gems/ruby-2.0.0-p353/specifications/rack-1.5.2.gemspec
I, [2014-01-05T15:40:38.790943 #29054]  INFO -- : 0:  rack-protection (1.5.1) from /Users/Sterling/.rvm/gems/ruby-2.0.0-p353/specifications/rack-protection-1.5.1.gemspec
I, [2014-01-05T15:40:38.791215 #29054]  INFO -- : 0:  rack-test (0.6.2) from /Users/Sterling/.rvm/gems/ruby-2.0.0-p353/specifications/rack-test-0.6.2.gemspec
I, [2014-01-05T15:40:38.791485 #29054]  INFO -- : 0:  rainbow (1.99.1) from /Users/Sterling/.rvm/gems/ruby-2.0.0-p353/specifications/rainbow-1.99.1.gemspec
I, [2014-01-05T15:40:38.791751 #29054]  INFO -- : 0:  ripl (0.7.0) from /Users/Sterling/.rvm/gems/ruby-2.0.0-p353/specifications/ripl-0.7.0.gemspec
I, [2014-01-05T15:40:38.792017 #29054]  INFO -- : 0:  ripl-multi_line (0.3.1) from /Users/Sterling/.rvm/gems/ruby-2.0.0-p353/specifications/ripl-multi_line-0.3.1.gemspec
I, [2014-01-05T15:40:38.792278 #29054]  INFO -- : 0:  ripl-rack (0.2.0) from /Users/Sterling/.rvm/gems/ruby-2.0.0-p353/specifications/ripl-rack-0.2.0.gemspec
I, [2014-01-05T15:40:38.792565 #29054]  INFO -- : 0:  shotgun (0.9) from /Users/Sterling/.rvm/gems/ruby-2.0.0-p353/specifications/shotgun-0.9.gemspec
I, [2014-01-05T15:40:38.793007 #29054]  INFO -- : 0:  sinatra (1.4.4) from /Users/Sterling/.rvm/gems/ruby-2.0.0-p353/specifications/sinatra-1.4.4.gemspec
I, [2014-01-05T15:40:38.793290 #29054]  INFO -- : 0:  tux (0.3.0) from /Users/Sterling/.rvm/gems/ruby-2.0.0-p353/specifications/tux-0.3.0.gemspec
I, [2014-01-05T15:40:38.793550 #29054]  INFO -- : 0:  bundler (1.5.1) from /Users/Sterling/.rvm/gems/ruby-2.0.0-p353@global/specifications/bundler-1.5.1.gemspec
I, [2014-01-06T19:12:40.360631 #1064]  INFO -- : 0:  bond (0.4.3) from /Users/Sterling/.rvm/gems/ruby-2.0.0-p353/specifications/bond-0.4.3.gemspec
I, [2014-01-06T19:12:40.361597 #1064]  INFO -- : 0:  tilt (1.4.1) from /Users/Sterling/.rvm/gems/ruby-2.0.0-p353/specifications/tilt-1.4.1.gemspec
I, [2014-01-06T19:12:40.361920 #1064]  INFO -- : 0:  haml (4.0.4) from /Users/Sterling/.rvm/gems/ruby-2.0.0-p353/specifications/haml-4.0.4.gemspec
I, [2014-01-06T19:12:40.362210 #1064]  INFO -- : 0:  rack (1.5.2) from /Users/Sterling/.rvm/gems/ruby-2.0.0-p353/specifications/rack-1.5.2.gemspec
I, [2014-01-06T19:12:40.362498 #1064]  INFO -- : 0:  rack-protection (1.5.1) from /Users/Sterling/.rvm/gems/ruby-2.0.0-p353/specifications/rack-protection-1.5.1.gemspec
I, [2014-01-06T19:12:40.362771 #1064]  INFO -- : 0:  rack-test (0.6.2) from /Users/Sterling/.rvm/gems/ruby-2.0.0-p353/specifications/rack-test-0.6.2.gemspec
I, [2014-01-06T19:12:40.363005 #1064]  INFO -- : 0:  rainbow (1.99.1) from /Users/Sterling/.rvm/gems/ruby-2.0.0-p353/specifications/rainbow-1.99.1.gemspec
I, [2014-01-06T19:12:40.363250 #1064]  INFO -- : 0:  ripl (0.7.0) from /Users/Sterling/.rvm/gems/ruby-2.0.0-p353/specifications/ripl-0.7.0.gemspec
I, [2014-01-06T19:12:40.363490 #1064]  INFO -- : 0:  ripl-multi_line (0.3.1) from /Users/Sterling/.rvm/gems/ruby-2.0.0-p353/specifications/ripl-multi_line-0.3.1.gemspec
I, [2014-01-06T19:12:40.363727 #1064]  INFO -- : 0:  ripl-rack (0.2.0) from /Users/Sterling/.rvm/gems/ruby-2.0.0-p353/specifications/ripl-rack-0.2.0.gemspec
I, [2014-01-06T19:12:40.363962 #1064]  INFO -- : 0:  shotgun (0.9) from /Users/Sterling/.rvm/gems/ruby-2.0.0-p353/specifications/shotgun-0.9.gemspec
I, [2014-01-06T19:12:40.364202 #1064]  INFO -- : 0:  sinatra (1.4.4) from /Users/Sterling/.rvm/gems/ruby-2.0.0-p353/specifications/sinatra-1.4.4.gemspec
I, [2014-01-06T19:12:40.364428 #1064]  INFO -- : 0:  tux (0.3.0) from /Users/Sterling/.rvm/gems/ruby-2.0.0-p353/specifications/tux-0.3.0.gemspec
I, [2014-01-06T19:12:40.364665 #1064]  INFO -- : 0:  bundler (1.5.1) from /Users/Sterling/.rvm/gems/ruby-2.0.0-p353@global/specifications/bundler-1.5.1.gemspec
