# Logfile created on 2014-01-05 14:50:59 -0500 by logger.rb/41954
I, [2014-01-05T14:50:59.205075 #28790]  INFO -- : 0:  bond (0.4.3) from /Users/Sterling/.rvm/gems/ruby-2.0.0-p353/specifications/bond-0.4.3.gemspec
I, [2014-01-05T14:51:01.197589 #28790]  INFO -- : 0:  rack (1.5.2) from /Users/Sterling/.rvm/gems/ruby-2.0.0-p353/specifications/rack-1.5.2.gemspec
I, [2014-01-05T14:51:02.194701 #28790]  INFO -- : 0:  rack-protection (1.5.1) from /Users/Sterling/.rvm/gems/ruby-2.0.0-p353/specifications/rack-protection-1.5.1.gemspec
I, [2014-01-05T14:51:02.795031 #28790]  INFO -- : 0:  rack-test (0.6.2) from /Users/Sterling/.rvm/gems/ruby-2.0.0-p353/specifications/rack-test-0.6.2.gemspec
I, [2014-01-05T14:51:03.714208 #28790]  INFO -- : 0:  rainbow (1.99.1) from /Users/Sterling/.rvm/gems/ruby-2.0.0-p353/specifications/rainbow-1.99.1.gemspec
I, [2014-01-05T14:51:04.332982 #28790]  INFO -- : 0:  ripl (0.7.0) from /Users/Sterling/.rvm/gems/ruby-2.0.0-p353/specifications/ripl-0.7.0.gemspec
I, [2014-01-05T14:51:05.221347 #28790]  INFO -- : 0:  ripl-multi_line (0.3.1) from /Users/Sterling/.rvm/gems/ruby-2.0.0-p353/specifications/ripl-multi_line-0.3.1.gemspec
I, [2014-01-05T14:51:05.773877 #28790]  INFO -- : 0:  ripl-rack (0.2.0) from /Users/Sterling/.rvm/gems/ruby-2.0.0-p353/specifications/ripl-rack-0.2.0.gemspec
I, [2014-01-05T14:51:06.317634 #28790]  INFO -- : 0:  shotgun (0.9) from /Users/Sterling/.rvm/gems/ruby-2.0.0-p353/specifications/shotgun-0.9.gemspec
I, [2014-01-05T14:51:07.320961 #28790]  INFO -- : 0:  tilt (1.4.1) from /Users/Sterling/.rvm/gems/ruby-2.0.0-p353/specifications/tilt-1.4.1.gemspec
I, [2014-01-05T14:51:09.687917 #28790]  INFO -- : 0:  sinatra (1.4.4) from /Users/Sterling/.rvm/gems/ruby-2.0.0-p353/specifications/sinatra-1.4.4.gemspec
I, [2014-01-05T14:51:10.153707 #28790]  INFO -- : 0:  tux (0.3.0) from /Users/Sterling/.rvm/gems/ruby-2.0.0-p353/specifications/tux-0.3.0.gemspec
I, [2014-01-05T14:51:10.154085 #28790]  INFO -- : 0:  bundler (1.5.1) from /Users/Sterling/.rvm/gems/ruby-2.0.0-p353@global/specifications/bundler-1.5.1.gemspec
I, [2014-01-05T15:34:09.769199 #29029]  INFO -- : 0:  bond (0.4.3) from /Users/Sterling/.rvm/gems/ruby-2.0.0-p353/specifications/bond-0.4.3.gemspec
I, [2014-01-05T15:34:09.777458 #29029]  INFO -- : 0:  rack (1.5.2) from /Users/Sterling/.rvm/gems/ruby-2.0.0-p353/specifications/rack-1.5.2.gemspec
I, [2014-01-05T15:34:09.778002 #29029]  INFO -- : 0:  rack-protection (1.5.1) from /Users/Sterling/.rvm/gems/ruby-2.0.0-p353/specifications/rack-protection-1.5.1.gemspec
I, [2014-01-05T15:34:09.778372 #29029]  INFO -- : 0:  rack-test (0.6.2) from /Users/Sterling/.rvm/gems/ruby-2.0.0-p353/specifications/rack-test-0.6.2.gemspec
I, [2014-01-05T15:34:09.778704 #29029]  INFO -- : 0:  rainbow (1.99.1) from /Users/Sterling/.rvm/gems/ruby-2.0.0-p353/specifications/rainbow-1.99.1.gemspec
I, [2014-01-05T15:34:09.779020 #29029]  INFO -- : 0:  ripl (0.7.0) from /Users/Sterling/.rvm/gems/ruby-2.0.0-p353/specifications/ripl-0.7.0.gemspec
I, [2014-01-05T15:34:09.779337 #29029]  INFO -- : 0:  ripl-multi_line (0.3.1) from /Users/Sterling/.rvm/gems/ruby-2.0.0-p353/specifications/ripl-multi_line-0.3.1.gemspec
I, [2014-01-05T15:34:09.779653 #29029]  INFO -- : 0:  ripl-rack (0.2.0) from /Users/Sterling/.rvm/gems/ruby-2.0.0-p353/specifications/ripl-rack-0.2.0.gemspec
I, [2014-01-05T15:34:09.779967 #29029]  INFO -- : 0:  shotgun (0.9) from /Users/Sterling/.rvm/gems/ruby-2.0.0-p353/specifications/shotgun-0.9.gemspec
I, [2014-01-05T15:34:09.780281 #29029]  INFO -- : 0:  tilt (1.4.1) from /Users/Sterling/.rvm/gems/ruby-2.0.0-p353/specifications/tilt-1.4.1.gemspec
I, [2014-01-05T15:34:09.780599 #29029]  INFO -- : 0:  sinatra (1.4.4) from /Users/Sterling/.rvm/gems/ruby-2.0.0-p353/specifications/sinatra-1.4.4.gemspec
I, [2014-01-05T15:34:09.780910 #29029]  INFO -- : 0:  tux (0.3.0) from /Users/Sterling/.rvm/gems/ruby-2.0.0-p353/specifications/tux-0.3.0.gemspec
I, [2014-01-05T15:34:09.781216 #29029]  INFO -- : 0:  bundler (1.5.1) from /Users/Sterling/.rvm/gems/ruby-2.0.0-p353@global/specifications/bundler-1.5.1.gemspec
I, [2014-01-05T15:40:37.414448 #29054]  INFO -- : 0:  bond (0.4.3) from /Users/Sterling/.rvm/gems/ruby-2.0.0-p353/specifications/bond-0.4.3.gemspec
I, [2014-01-05T15:40:37.415074 #29054]  INFO -- : 0:  tilt (1.4.1) from /Users/Sterling/.rvm/gems/ruby-2.0.0-p353/specifications/tilt-1.4.1.gemspec
I, [2014-01-05T15:40:38.790199 #29054]  INFO -- : 0:  haml (4.0.4) from /Users/Sterling/.rvm/gems/ruby-2.0.0-p353/specifications/haml-4.0.4.gemspec
I, [2014-01-05T15:40:38.790649 #29054]  INFO -- : 0:  rack (1.5.2) from /Users/Sterling/.rvm/gems/ruby-2.0.0-p353/specifications/rack-1.5.2.gemspec
I, [2014-01-05T15:40:38.790943 #29054]  INFO -- : 0:  rack-protection (1.5.1) from /Users/Sterling/.rvm/gems/ruby-2.0.0-p353/specifications/rack-protection-1.5.1.gemspec
I, [2014-01-05T15:40:38.791215 #29054]  INFO -- : 0:  rack-test (0.6.2) from /Users/Sterling/.rvm/gems/ruby-2.0.0-p353/specifications/rack-test-0.6.2.gemspec
I, [2014-01-05T15:40:38.791485 #29054]  INFO -- : 0:  rainbow (1.99.1) from /Users/Sterling/.rvm/gems/ruby-2.0.0-p353/specifications/rainbow-1.99.1.gemspec
I, [2014-01-05T15:40:38.791751 #29054]  INFO -- : 0:  ripl (0.7.0) from /Users/Sterling/.rvm/gems/ruby-2.0.0-p353/specifications/ripl-0.7.0.gemspec
I, [2014-01-05T15:40:38.792017 #29054]  INFO -- : 0:  ripl-multi_line (0.3.1) from /Users/Sterling/.rvm/gems/ruby-2.0.0-p353/specifications/ripl-multi_line-0.3.1.gemspec
I, [2014-01-05T15:40:38.792278 #29054]  INFO -- : 0:  ripl-rack (0.2.0) from /Users/Sterling/.rvm/gems/ruby-2.0.0-p353/specifications/ripl-rack-0.2.0.gemspec
I, [2014-01-05T15:40:38.792565 #29054]  INFO -- : 0:  shotgun (0.9) from /Users/Sterling/.rvm/gems/ruby-2.0.0-p353/specifications/shotgun-0.9.gemspec
I, [2014-01-05T15:40:38.793007 #29054]  INFO -- : 0:  sinatra (1.4.4) from /Users/Sterling/.rvm/gems/ruby-2.0.0-p353/specifications/sinatra-1.4.4.gemspec
I, [2014-01-05T15:40:38.793290 #29054]  INFO -- : 0:  tux (0.3.0) from /Users/Sterling/.rvm/gems/ruby-2.0.0-p353/specifications/tux-0.3.0.gemspec
I, [2014-01-05T15:40:38.793550 #29054]  INFO -- : 0:  bundler (1.5.1) from /Users/Sterling/.rvm/gems/ruby-2.0.0-p353@global/specifications/bundler-1.5.1.gemspec
I, [2014-01-08T15:17:05.170493 #35413]  INFO -- : 0:  bond (0.4.3) from /Users/Sterling/.rvm/gems/ruby-2.0.0-p353/specifications/bond-0.4.3.gemspec
I, [2014-01-08T15:17:07.179720 #35413]  INFO -- : 0:  tilt (1.4.1) from /Users/Sterling/.rvm/gems/ruby-2.0.0-p353/specifications/tilt-1.4.1.gemspec
I, [2014-01-08T15:17:08.762896 #35413]  INFO -- : 0:  haml (4.0.4) from /Users/Sterling/.rvm/gems/ruby-2.0.0-p353/specifications/haml-4.0.4.gemspec
I, [2014-01-08T15:17:10.493411 #35413]  INFO -- : 0:  rack (1.5.2) from /Users/Sterling/.rvm/gems/ruby-2.0.0-p353/specifications/rack-1.5.2.gemspec
I, [2014-01-08T15:17:11.033036 #35413]  INFO -- : 0:  rack-protection (1.5.1) from /Users/Sterling/.rvm/gems/ruby-2.0.0-p353/specifications/rack-protection-1.5.1.gemspec
I, [2014-01-08T15:17:11.894436 #35413]  INFO -- : 0:  rack-test (0.6.2) from /Users/Sterling/.rvm/gems/ruby-2.0.0-p353/specifications/rack-test-0.6.2.gemspec
I, [2014-01-08T15:17:12.440935 #35413]  INFO -- : 0:  rainbow (1.99.1) from /Users/Sterling/.rvm/gems/ruby-2.0.0-p353/specifications/rainbow-1.99.1.gemspec
I, [2014-01-08T15:17:13.325821 #35413]  INFO -- : 0:  ripl (0.7.0) from /Users/Sterling/.rvm/gems/ruby-2.0.0-p353/specifications/ripl-0.7.0.gemspec
I, [2014-01-08T15:17:14.749018 #35413]  INFO -- : 0:  ripl-multi_line (0.3.1) from /Users/Sterling/.rvm/gems/ruby-2.0.0-p353/specifications/ripl-multi_line-0.3.1.gemspec
I, [2014-01-08T15:17:15.341904 #35413]  INFO -- : 0:  ripl-rack (0.2.0) from /Users/Sterling/.rvm/gems/ruby-2.0.0-p353/specifications/ripl-rack-0.2.0.gemspec
I, [2014-01-08T15:17:16.203169 #35413]  INFO -- : 0:  shotgun (0.9) from /Users/Sterling/.rvm/gems/ruby-2.0.0-p353/specifications/shotgun-0.9.gemspec
I, [2014-01-08T15:17:18.107744 #35413]  INFO -- : 0:  sinatra (1.4.4) from /Users/Sterling/.rvm/gems/ruby-2.0.0-p353/specifications/sinatra-1.4.4.gemspec
I, [2014-01-08T15:17:18.930846 #35413]  INFO -- : 0:  tux (0.3.0) from /Users/Sterling/.rvm/gems/ruby-2.0.0-p353/specifications/tux-0.3.0.gemspec
I, [2014-01-08T15:17:18.931309 #35413]  INFO -- : 0:  bundler (1.5.1) from /Users/Sterling/.rvm/gems/ruby-2.0.0-p353@global/specifications/bundler-1.5.1.gemspec
I, [2014-01-08T18:13:51.385176 #36087]  INFO -- : 0:  bond (0.4.3) from /Users/Sterling/.rvm/gems/ruby-2.0.0-p353/specifications/bond-0.4.3.gemspec
I, [2014-01-08T18:13:52.777398 #36087]  INFO -- : 0:  columnize (0.3.6) from /Users/Sterling/.rvm/gems/ruby-2.0.0-p353/specifications/columnize-0.3.6.gemspec
I, [2014-01-08T18:13:54.084176 #36087]  INFO -- : 0:  debugger-linecache (1.2.0) from /Users/Sterling/.rvm/gems/ruby-2.0.0-p353/specifications/debugger-linecache-1.2.0.gemspec
I, [2014-01-08T18:13:58.962218 #36087]  INFO -- : 0:  debugger-ruby_core_source (1.3.1) from /Users/Sterling/.rvm/gems/ruby-2.0.0-p353/specifications/debugger-ruby_core_source-1.3.1.gemspec
I, [2014-01-08T18:14:01.680783 #36087]  INFO -- : 0:  debugger (1.6.5) from /Users/Sterling/.rvm/gems/ruby-2.0.0-p353/specifications/debugger-1.6.5.gemspec
I, [2014-01-08T18:14:01.681547 #36087]  INFO -- : 0:  tilt (1.4.1) from /Users/Sterling/.rvm/gems/ruby-2.0.0-p353/specifications/tilt-1.4.1.gemspec
I, [2014-01-08T18:14:01.682048 #36087]  INFO -- : 0:  haml (4.0.4) from /Users/Sterling/.rvm/gems/ruby-2.0.0-p353/specifications/haml-4.0.4.gemspec
I, [2014-01-08T18:14:01.682519 #36087]  INFO -- : 0:  rack (1.5.2) from /Users/Sterling/.rvm/gems/ruby-2.0.0-p353/specifications/rack-1.5.2.gemspec
I, [2014-01-08T18:14:01.683030 #36087]  INFO -- : 0:  rack-protection (1.5.1) from /Users/Sterling/.rvm/gems/ruby-2.0.0-p353/specifications/rack-protection-1.5.1.gemspec
I, [2014-01-08T18:14:01.683507 #36087]  INFO -- : 0:  rack-test (0.6.2) from /Users/Sterling/.rvm/gems/ruby-2.0.0-p353/specifications/rack-test-0.6.2.gemspec
I, [2014-01-08T18:14:01.683969 #36087]  INFO -- : 0:  rainbow (1.99.1) from /Users/Sterling/.rvm/gems/ruby-2.0.0-p353/specifications/rainbow-1.99.1.gemspec
I, [2014-01-08T18:14:01.684479 #36087]  INFO -- : 0:  ripl (0.7.0) from /Users/Sterling/.rvm/gems/ruby-2.0.0-p353/specifications/ripl-0.7.0.gemspec
I, [2014-01-08T18:14:01.685030 #36087]  INFO -- : 0:  ripl-multi_line (0.3.1) from /Users/Sterling/.rvm/gems/ruby-2.0.0-p353/specifications/ripl-multi_line-0.3.1.gemspec
I, [2014-01-08T18:14:01.685373 #36087]  INFO -- : 0:  ripl-rack (0.2.0) from /Users/Sterling/.rvm/gems/ruby-2.0.0-p353/specifications/ripl-rack-0.2.0.gemspec
I, [2014-01-08T18:14:01.685871 #36087]  INFO -- : 0:  shotgun (0.9) from /Users/Sterling/.rvm/gems/ruby-2.0.0-p353/specifications/shotgun-0.9.gemspec
I, [2014-01-08T18:14:01.686506 #36087]  INFO -- : 0:  sinatra (1.4.4) from /Users/Sterling/.rvm/gems/ruby-2.0.0-p353/specifications/sinatra-1.4.4.gemspec
I, [2014-01-08T18:14:01.686943 #36087]  INFO -- : 0:  tux (0.3.0) from /Users/Sterling/.rvm/gems/ruby-2.0.0-p353/specifications/tux-0.3.0.gemspec
I, [2014-01-08T18:14:01.687402 #36087]  INFO -- : 0:  bundler (1.5.1) from /Users/Sterling/.rvm/gems/ruby-2.0.0-p353@global/specifications/bundler-1.5.1.gemspec
I, [2014-01-08T18:36:55.020913 #5643]  INFO -- : 0:  bond (0.4.3) from /Users/Sterling/.rvm/gems/ruby-2.0.0-p353/specifications/bond-0.4.3.gemspec
I, [2014-01-08T18:36:55.021573 #5643]  INFO -- : 0:  columnize (0.3.6) from /Users/Sterling/.rvm/gems/ruby-2.0.0-p353/specifications/columnize-0.3.6.gemspec
I, [2014-01-08T18:36:55.021845 #5643]  INFO -- : 0:  debugger-linecache (1.2.0) from /Users/Sterling/.rvm/gems/ruby-2.0.0-p353/specifications/debugger-linecache-1.2.0.gemspec
I, [2014-01-08T18:36:55.022289 #5643]  INFO -- : 0:  debugger-ruby_core_source (1.3.1) from /Users/Sterling/.rvm/gems/ruby-2.0.0-p353/specifications/debugger-ruby_core_source-1.3.1.gemspec
I, [2014-01-08T18:36:55.022584 #5643]  INFO -- : 0:  debugger (1.6.5) from /Users/Sterling/.rvm/gems/ruby-2.0.0-p353/specifications/debugger-1.6.5.gemspec
I, [2014-01-08T18:36:55.022976 #5643]  INFO -- : 0:  tilt (1.4.1) from /Users/Sterling/.rvm/gems/ruby-2.0.0-p353/specifications/tilt-1.4.1.gemspec
I, [2014-01-08T18:36:56.256051 #5643]  INFO -- : 0:  haml (4.0.5) from /Users/Sterling/.rvm/gems/ruby-2.0.0-p353/specifications/haml-4.0.5.gemspec
I, [2014-01-08T18:36:56.256510 #5643]  INFO -- : 0:  rack (1.5.2) from /Users/Sterling/.rvm/gems/ruby-2.0.0-p353/specifications/rack-1.5.2.gemspec
I, [2014-01-08T18:36:56.256810 #5643]  INFO -- : 0:  rack-protection (1.5.1) from /Users/Sterling/.rvm/gems/ruby-2.0.0-p353/specifications/rack-protection-1.5.1.gemspec
I, [2014-01-08T18:36:56.257095 #5643]  INFO -- : 0:  rack-test (0.6.2) from /Users/Sterling/.rvm/gems/ruby-2.0.0-p353/specifications/rack-test-0.6.2.gemspec
I, [2014-01-08T18:36:56.257328 #5643]  INFO -- : 0:  rainbow (1.99.1) from /Users/Sterling/.rvm/gems/ruby-2.0.0-p353/specifications/rainbow-1.99.1.gemspec
I, [2014-01-08T18:36:56.257566 #5643]  INFO -- : 0:  ripl (0.7.0) from /Users/Sterling/.rvm/gems/ruby-2.0.0-p353/specifications/ripl-0.7.0.gemspec
I, [2014-01-08T18:36:56.257843 #5643]  INFO -- : 0:  ripl-multi_line (0.3.1) from /Users/Sterling/.rvm/gems/ruby-2.0.0-p353/specifications/ripl-multi_line-0.3.1.gemspec
I, [2014-01-08T18:36:56.258099 #5643]  INFO -- : 0:  ripl-rack (0.2.0) from /Users/Sterling/.rvm/gems/ruby-2.0.0-p353/specifications/ripl-rack-0.2.0.gemspec
I, [2014-01-08T18:36:56.258368 #5643]  INFO -- : 0:  shotgun (0.9) from /Users/Sterling/.rvm/gems/ruby-2.0.0-p353/specifications/shotgun-0.9.gemspec
I, [2014-01-08T18:36:56.258644 #5643]  INFO -- : 0:  sinatra (1.4.4) from /Users/Sterling/.rvm/gems/ruby-2.0.0-p353/specifications/sinatra-1.4.4.gemspec
I, [2014-01-08T18:36:56.258895 #5643]  INFO -- : 0:  tux (0.3.0) from /Users/Sterling/.rvm/gems/ruby-2.0.0-p353/specifications/tux-0.3.0.gemspec
I, [2014-01-08T18:36:56.259138 #5643]  INFO -- : 0:  bundler (1.5.1) from /Users/Sterling/.rvm/gems/ruby-2.0.0-p353@global/specifications/bundler-1.5.1.gemspec
I, [2014-01-08T21:31:01.060972 #7372]  INFO -- : 0:  rack (1.5.2) from /Users/Sterling/.rvm/gems/ruby-2.0.0-p353/specifications/rack-1.5.2.gemspec
I, [2014-01-08T21:31:01.061841 #7372]  INFO -- : 0:  shotgun (0.9) from /Users/Sterling/.rvm/gems/ruby-2.0.0-p353/specifications/shotgun-0.9.gemspec
I, [2014-01-08T21:31:01.062190 #7372]  INFO -- : 0:  bundler (1.5.1) from /Users/Sterling/.rvm/gems/ruby-2.0.0-p353@global/specifications/bundler-1.5.1.gemspec
I, [2014-01-08T22:15:17.803824 #23574]  INFO -- : 0:  rack (1.5.2) from /Users/Sterling/.rvm/gems/ruby-2.0.0-p353/specifications/rack-1.5.2.gemspec
I, [2014-01-08T22:15:18.777183 #23574]  INFO -- : 0:  shotgun (0.9) from /Users/Sterling/.rvm/gems/ruby-2.0.0-p353/specifications/shotgun-0.9.gemspec
I, [2014-01-08T22:15:18.777534 #23574]  INFO -- : 0:  bundler (1.5.1) from /Users/Sterling/.rvm/gems/ruby-2.0.0-p353@global/specifications/bundler-1.5.1.gemspec
I, [2014-01-08T22:16:04.348124 #23577]  INFO -- : 0:  bond (0.4.3) from /Users/Sterling/.rvm/gems/ruby-2.0.0-p353/specifications/bond-0.4.3.gemspec
I, [2014-01-08T22:16:05.068508 #23577]  INFO -- : 0:  columnize (0.3.6) from /Users/Sterling/.rvm/gems/ruby-2.0.0-p353/specifications/columnize-0.3.6.gemspec
I, [2014-01-08T22:16:06.048162 #23577]  INFO -- : 0:  daemons (1.1.9) from /Users/Sterling/.rvm/gems/ruby-2.0.0-p353/specifications/daemons-1.1.9.gemspec
I, [2014-01-08T22:16:07.427496 #23577]  INFO -- : 0:  debugger-linecache (1.2.0) from /Users/Sterling/.rvm/gems/ruby-2.0.0-p353/specifications/debugger-linecache-1.2.0.gemspec
I, [2014-01-08T22:16:09.786545 #23577]  INFO -- : 0:  debugger-ruby_core_source (1.3.1) from /Users/Sterling/.rvm/gems/ruby-2.0.0-p353/specifications/debugger-ruby_core_source-1.3.1.gemspec
I, [2014-01-08T22:16:13.281121 #23577]  INFO -- : 0:  debugger (1.6.5) from /Users/Sterling/.rvm/gems/ruby-2.0.0-p353/specifications/debugger-1.6.5.gemspec
I, [2014-01-08T22:16:20.299240 #23577]  INFO -- : 0:  eventmachine (1.0.3) from /Users/Sterling/.rvm/gems/ruby-2.0.0-p353/specifications/eventmachine-1.0.3.gemspec
I, [2014-01-08T22:16:21.853118 #23577]  INFO -- : 0:  tilt (1.4.1) from /Users/Sterling/.rvm/gems/ruby-2.0.0-p353/specifications/tilt-1.4.1.gemspec
I, [2014-01-08T22:16:23.641451 #23577]  INFO -- : 0:  haml (4.0.5) from /Users/Sterling/.rvm/gems/ruby-2.0.0-p353/specifications/haml-4.0.5.gemspec
I, [2014-01-08T22:16:23.641963 #23577]  INFO -- : 0:  rack (1.5.2) from /Users/Sterling/.rvm/gems/ruby-2.0.0-p353/specifications/rack-1.5.2.gemspec
I, [2014-01-08T22:16:24.410787 #23577]  INFO -- : 0:  rack-protection (1.5.1) from /Users/Sterling/.rvm/gems/ruby-2.0.0-p353/specifications/rack-protection-1.5.1.gemspec
I, [2014-01-08T22:16:25.354190 #23577]  INFO -- : 0:  rack-test (0.6.2) from /Users/Sterling/.rvm/gems/ruby-2.0.0-p353/specifications/rack-test-0.6.2.gemspec
I, [2014-01-08T22:16:26.175132 #23577]  INFO -- : 0:  rainbow (1.99.1) from /Users/Sterling/.rvm/gems/ruby-2.0.0-p353/specifications/rainbow-1.99.1.gemspec
I, [2014-01-08T22:16:27.178757 #23577]  INFO -- : 0:  ripl (0.7.0) from /Users/Sterling/.rvm/gems/ruby-2.0.0-p353/specifications/ripl-0.7.0.gemspec
I, [2014-01-08T22:16:28.291381 #23577]  INFO -- : 0:  ripl-multi_line (0.3.1) from /Users/Sterling/.rvm/gems/ruby-2.0.0-p353/specifications/ripl-multi_line-0.3.1.gemspec
I, [2014-01-08T22:16:29.161276 #23577]  INFO -- : 0:  ripl-rack (0.2.0) from /Users/Sterling/.rvm/gems/ruby-2.0.0-p353/specifications/ripl-rack-0.2.0.gemspec
I, [2014-01-08T22:16:29.161693 #23577]  INFO -- : 0:  shotgun (0.9) from /Users/Sterling/.rvm/gems/ruby-2.0.0-p353/specifications/shotgun-0.9.gemspec
I, [2014-01-08T22:16:31.117755 #23577]  INFO -- : 0:  sinatra (1.4.4) from /Users/Sterling/.rvm/gems/ruby-2.0.0-p353/specifications/sinatra-1.4.4.gemspec
I, [2014-01-08T22:16:33.212180 #23577]  INFO -- : 0:  thin (1.6.1) from /Users/Sterling/.rvm/gems/ruby-2.0.0-p353/specifications/thin-1.6.1.gemspec
I, [2014-01-08T22:16:34.056210 #23577]  INFO -- : 0:  tux (0.3.0) from /Users/Sterling/.rvm/gems/ruby-2.0.0-p353/specifications/tux-0.3.0.gemspec
I, [2014-01-08T22:16:34.056822 #23577]  INFO -- : 0:  bundler (1.5.1) from /Users/Sterling/.rvm/gems/ruby-2.0.0-p353@global/specifications/bundler-1.5.1.gemspec
