# Logfile created on 2013-12-29 14:19:05 -0500 by logger.rb/36483
I, [2013-12-29T14:19:05.233073 #3380]  INFO -- : 0:  rake (10.1.1) from /Users/Sterling/.rvm/gems/ruby-2.0.0-p247/specifications/rake-10.1.1.gemspec
I, [2013-12-29T14:19:05.233444 #3380]  INFO -- : 0:  i18n (0.6.9) from /Users/Sterling/.rvm/gems/ruby-2.0.0-p247/specifications/i18n-0.6.9.gemspec
I, [2013-12-29T14:19:05.233788 #3380]  INFO -- : 0:  minitest (4.7.5) from /Users/Sterling/.rvm/gems/ruby-2.0.0-p247/specifications/minitest-4.7.5.gemspec
I, [2013-12-29T14:19:05.234090 #3380]  INFO -- : 0:  multi_json (1.8.2) from /Users/Sterling/.rvm/gems/ruby-2.0.0-p247/specifications/multi_json-1.8.2.gemspec
I, [2013-12-29T14:19:05.234399 #3380]  INFO -- : 0:  atomic (1.1.14) from /Users/Sterling/.rvm/gems/ruby-2.0.0-p247/specifications/atomic-1.1.14.gemspec
I, [2013-12-29T14:19:05.234685 #3380]  INFO -- : 0:  thread_safe (0.1.3) from /Users/Sterling/.rvm/gems/ruby-2.0.0-p247/specifications/thread_safe-0.1.3.gemspec
I, [2013-12-29T14:19:05.235011 #3380]  INFO -- : 0:  tzinfo (0.3.38) from /Users/Sterling/.rvm/gems/ruby-2.0.0-p247/specifications/tzinfo-0.3.38.gemspec
I, [2013-12-29T14:19:05.235380 #3380]  INFO -- : 0:  activesupport (4.0.2) from /Users/Sterling/.rvm/gems/ruby-2.0.0-p247/specifications/activesupport-4.0.2.gemspec
I, [2013-12-29T14:19:05.235739 #3380]  INFO -- : 0:  builder (3.1.4) from /Users/Sterling/.rvm/gems/ruby-2.0.0-p247/specifications/builder-3.1.4.gemspec
I, [2013-12-29T14:19:05.236097 #3380]  INFO -- : 0:  activemodel (4.0.2) from /Users/Sterling/.rvm/gems/ruby-2.0.0-p247/specifications/activemodel-4.0.2.gemspec
I, [2013-12-29T14:19:05.236432 #3380]  INFO -- : 0:  activerecord-deprecated_finders (1.0.3) from /Users/Sterling/.rvm/gems/ruby-2.0.0-p247/specifications/activerecord-deprecated_finders-1.0.3.gemspec
I, [2013-12-29T14:19:05.236720 #3380]  INFO -- : 0:  arel (4.0.1) from /Users/Sterling/.rvm/gems/ruby-2.0.0-p247/specifications/arel-4.0.1.gemspec
I, [2013-12-29T14:19:05.237069 #3380]  INFO -- : 0:  activerecord (4.0.2) from /Users/Sterling/.rvm/gems/ruby-2.0.0-p247/specifications/activerecord-4.0.2.gemspec
I, [2013-12-29T14:19:05.237345 #3380]  INFO -- : 0:  bond (0.4.3) from /Users/Sterling/.rvm/gems/ruby-2.0.0-p247/specifications/bond-0.4.3.gemspec
I, [2013-12-29T14:19:05.237630 #3380]  INFO -- : 0:  rack (1.5.2) from /Users/Sterling/.rvm/gems/ruby-2.0.0-p247/specifications/rack-1.5.2.gemspec
I, [2013-12-29T14:19:05.237918 #3380]  INFO -- : 0:  rack-protection (1.5.1) from /Users/Sterling/.rvm/gems/ruby-2.0.0-p247/specifications/rack-protection-1.5.1.gemspec
I, [2013-12-29T14:19:05.238164 #3380]  INFO -- : 0:  rack-test (0.6.2) from /Users/Sterling/.rvm/gems/ruby-2.0.0-p247/specifications/rack-test-0.6.2.gemspec
I, [2013-12-29T14:19:05.238397 #3380]  INFO -- : 0:  ripl (0.7.0) from /Users/Sterling/.rvm/gems/ruby-2.0.0-p247/specifications/ripl-0.7.0.gemspec
I, [2013-12-29T14:19:05.238645 #3380]  INFO -- : 0:  ripl-multi_line (0.3.1) from /Users/Sterling/.rvm/gems/ruby-2.0.0-p247/specifications/ripl-multi_line-0.3.1.gemspec
I, [2013-12-29T14:19:05.238891 #3380]  INFO -- : 0:  ripl-rack (0.2.0) from /Users/Sterling/.rvm/gems/ruby-2.0.0-p247/specifications/ripl-rack-0.2.0.gemspec
I, [2013-12-29T14:19:05.239136 #3380]  INFO -- : 0:  shotgun (0.9) from /Users/Sterling/.rvm/gems/ruby-2.0.0-p247/specifications/shotgun-0.9.gemspec
I, [2013-12-29T14:19:05.239412 #3380]  INFO -- : 0:  tilt (1.4.1) from /Users/Sterling/.rvm/gems/ruby-2.0.0-p247/specifications/tilt-1.4.1.gemspec
I, [2013-12-29T14:19:05.239659 #3380]  INFO -- : 0:  sinatra (1.4.4) from /Users/Sterling/.rvm/gems/ruby-2.0.0-p247/specifications/sinatra-1.4.4.gemspec
I, [2013-12-29T14:19:05.239910 #3380]  INFO -- : 0:  sinatra-activerecord (1.2.3) from /Users/Sterling/.rvm/gems/ruby-2.0.0-p247/specifications/sinatra-activerecord-1.2.3.gemspec
I, [2013-12-29T14:19:05.240164 #3380]  INFO -- : 0:  sqlite3 (1.3.8) from /Users/Sterling/.rvm/gems/ruby-2.0.0-p247/specifications/sqlite3-1.3.8.gemspec
I, [2013-12-29T14:19:05.240400 #3380]  INFO -- : 0:  tux (0.3.0) from /Users/Sterling/.rvm/gems/ruby-2.0.0-p247/specifications/tux-0.3.0.gemspec
I, [2013-12-29T14:19:05.240652 #3380]  INFO -- : 0:  bundler (1.5.0) from /Users/Sterling/.rvm/gems/ruby-2.0.0-p247/specifications/bundler-1.5.0.gemspec
